<?xml version="1.0" encoding="UTF-8"?>
<coverage generated="1762750864668" clover="3.2.0">
  <project timestamp="1762750864668" name="All files">
    <metrics statements="42" coveredstatements="39" conditionals="12" coveredconditionals="8" methods="23" coveredmethods="20" elements="77" coveredelements="67" complexity="0" loc="42" ncloc="42" packages="9" files="11" classes="11"/>
    <package name="src">
      <metrics statements="2" coveredstatements="1" conditionals="0" coveredconditionals="0" methods="2" coveredmethods="1"/>
      <file name="GifsApp.tsx" path="/Users/dieginin/Developer/curso_react/03-gifs-app/src/GifsApp.tsx">
        <metrics statements="2" coveredstatements="1" conditionals="0" coveredconditionals="0" methods="2" coveredmethods="1"/>
        <line num="8" count="1" type="stmt"/>
        <line num="22" count="0" type="stmt"/>
      </file>
    </package>
    <package name="src.counter.components">
      <metrics statements="1" coveredstatements="1" conditionals="0" coveredconditionals="0" methods="1" coveredmethods="1"/>
      <file name="MyCounterApp.tsx" path="/Users/dieginin/Developer/curso_react/03-gifs-app/src/counter/components/MyCounterApp.tsx">
        <metrics statements="1" coveredstatements="1" conditionals="0" coveredconditionals="0" methods="1" coveredmethods="1"/>
        <line num="4" count="9" type="stmt"/>
      </file>
    </package>
    <package name="src.counter.hooks">
      <metrics statements="5" coveredstatements="5" conditionals="1" coveredconditionals="1" methods="4" coveredmethods="4"/>
      <file name="useCounter.tsx" path="/Users/dieginin/Developer/curso_react/03-gifs-app/src/counter/hooks/useCounter.tsx">
        <metrics statements="5" coveredstatements="5" conditionals="1" coveredconditionals="1" methods="4" coveredmethods="4"/>
        <line num="4" count="15" type="stmt"/>
        <line num="6" count="15" type="stmt"/>
        <line num="7" count="15" type="stmt"/>
        <line num="8" count="15" type="stmt"/>
        <line num="10" count="15" type="stmt"/>
      </file>
    </package>
    <package name="src.gifs.components">
      <metrics statements="1" coveredstatements="0" conditionals="0" coveredconditionals="0" methods="3" coveredmethods="2"/>
      <file name="GifList.tsx" path="/Users/dieginin/Developer/curso_react/03-gifs-app/src/gifs/components/GifList.tsx">
        <metrics statements="0" coveredstatements="0" conditionals="0" coveredconditionals="0" methods="1" coveredmethods="1"/>
      </file>
      <file name="PreviousSearches.tsx" path="/Users/dieginin/Developer/curso_react/03-gifs-app/src/gifs/components/PreviousSearches.tsx">
        <metrics statements="1" coveredstatements="0" conditionals="0" coveredconditionals="0" methods="2" coveredmethods="1"/>
        <line num="12" count="0" type="stmt"/>
      </file>
    </package>
    <package name="src.gifs.hooks">
      <metrics statements="17" coveredstatements="17" conditionals="6" coveredconditionals="4" methods="3" coveredmethods="3"/>
      <file name="useGifs.tsx" path="/Users/dieginin/Developer/curso_react/03-gifs-app/src/gifs/hooks/useGifs.tsx">
        <metrics statements="17" coveredstatements="17" conditionals="6" coveredconditionals="4" methods="3" coveredmethods="3"/>
        <line num="7" count="19" type="stmt"/>
        <line num="8" count="19" type="stmt"/>
        <line num="10" count="19" type="stmt"/>
        <line num="12" count="19" type="stmt"/>
        <line num="13" count="3" type="cond" truecount="2" falsecount="0"/>
        <line num="15" count="2" type="stmt"/>
        <line num="16" count="2" type="stmt"/>
        <line num="17" count="2" type="stmt"/>
        <line num="20" count="19" type="stmt"/>
        <line num="21" count="10" type="stmt"/>
        <line num="23" count="10" type="cond" truecount="1" falsecount="1"/>
        <line num="25" count="10" type="cond" truecount="1" falsecount="1"/>
        <line num="27" count="10" type="stmt"/>
        <line num="29" count="10" type="stmt"/>
        <line num="30" count="10" type="stmt"/>
        <line num="31" count="10" type="stmt"/>
        <line num="34" count="19" type="stmt"/>
      </file>
    </package>
    <package name="src.gifs.services">
      <metrics statements="6" coveredstatements="6" conditionals="2" coveredconditionals="2" methods="2" coveredmethods="2"/>
      <file name="get-gifs-by-query.action.ts" path="/Users/dieginin/Developer/curso_react/03-gifs-app/src/gifs/services/get-gifs-by-query.action.ts">
        <metrics statements="6" coveredstatements="6" conditionals="2" coveredconditionals="2" methods="2" coveredmethods="2"/>
        <line num="6" count="6" type="cond" truecount="2" falsecount="0"/>
        <line num="8" count="5" type="stmt"/>
        <line num="9" count="5" type="stmt"/>
        <line num="13" count="40" type="stmt"/>
        <line num="21" count="1" type="stmt"/>
        <line num="22" count="1" type="stmt"/>
      </file>
    </package>
    <package name="src.gifs.services.api">
      <metrics statements="1" coveredstatements="1" conditionals="0" coveredconditionals="0" methods="0" coveredmethods="0"/>
      <file name="giphy.api.ts" path="/Users/dieginin/Developer/curso_react/03-gifs-app/src/gifs/services/api/giphy.api.ts">
        <metrics statements="1" coveredstatements="1" conditionals="0" coveredconditionals="0" methods="0" coveredmethods="0"/>
        <line num="3" count="4" type="stmt"/>
      </file>
    </package>
    <package name="src.shared.components">
      <metrics statements="8" coveredstatements="7" conditionals="3" coveredconditionals="1" methods="8" coveredmethods="7"/>
      <file name="CustomHeader.tsx" path="/Users/dieginin/Developer/curso_react/03-gifs-app/src/shared/components/CustomHeader.tsx">
        <metrics statements="0" coveredstatements="0" conditionals="0" coveredconditionals="0" methods="1" coveredmethods="1"/>
      </file>
      <file name="SearchBar.tsx" path="/Users/dieginin/Developer/curso_react/03-gifs-app/src/shared/components/SearchBar.tsx">
        <metrics statements="8" coveredstatements="7" conditionals="3" coveredconditionals="1" methods="7" coveredmethods="6"/>
        <line num="9" count="12" type="stmt"/>
        <line num="11" count="12" type="stmt"/>
        <line num="12" count="12" type="stmt"/>
        <line num="14" count="12" type="stmt"/>
        <line num="17" count="12" type="stmt"/>
        <line num="19" count="12" type="stmt"/>
        <line num="20" count="0" type="cond" truecount="0" falsecount="2"/>
        <line num="29" count="6" type="stmt"/>
      </file>
    </package>
    <package name="tests.mocks">
      <metrics statements="1" coveredstatements="1" conditionals="0" coveredconditionals="0" methods="0" coveredmethods="0"/>
      <file name="giphy.response.data.ts" path="/Users/dieginin/Developer/curso_react/03-gifs-app/tests/mocks/giphy.response.data.ts">
        <metrics statements="1" coveredstatements="1" conditionals="0" coveredconditionals="0" methods="0" coveredmethods="0"/>
        <line num="1" count="1" type="stmt"/>
      </file>
    </package>
  </project>
</coverage>
