{"/Users/dieginin/Developer/curso_react/03-gifs-app/src/GifsApp.tsx": {"path":"/Users/dieginin/Developer/curso_react/03-gifs-app/src/GifsApp.tsx","statementMap":{"0":{"start":{"line":8,"column":69},"end":{"line":9,"column":null}},"1":{"start":{"line":22,"column":37},"end":{"line":22,"column":null}}},"fnMap":{"0":{"name":"GifsApp","decl":{"start":{"line":7,"column":16},"end":{"line":7,"column":null}},"loc":{"start":{"line":7,"column":16},"end":{"line":35,"column":null}},"line":7},"1":{"name":"(anonymous_1)","decl":{"start":{"line":22,"column":18},"end":{"line":22,"column":19}},"loc":{"start":{"line":22,"column":37},"end":{"line":22,"column":null}},"line":22}},"branchMap":{},"s":{"0":1,"1":0},"f":{"0":1,"1":0},"b":{},"meta":{"lastBranch":0,"lastFunction":2,"lastStatement":2,"seen":{"f:7:16:7:Infinity":0,"s:8:69:9:Infinity":0,"f:22:18:22:19":1,"s:22:37:22:Infinity":1}}}
,"/Users/dieginin/Developer/curso_react/03-gifs-app/src/counter/components/MyCounterApp.tsx": {"path":"/Users/dieginin/Developer/curso_react/03-gifs-app/src/counter/components/MyCounterApp.tsx","statementMap":{"0":{"start":{"line":4,"column":66},"end":{"line":5,"column":null}}},"fnMap":{"0":{"name":"MyCounterApp","decl":{"start":{"line":3,"column":24},"end":{"line":3,"column":null}},"loc":{"start":{"line":3,"column":24},"end":{"line":20,"column":null}},"line":3}},"branchMap":{},"s":{"0":9},"f":{"0":9},"b":{},"meta":{"lastBranch":0,"lastFunction":1,"lastStatement":1,"seen":{"f:3:24:3:Infinity":0,"s:4:66:5:Infinity":0}}}
,"/Users/dieginin/Developer/curso_react/03-gifs-app/src/counter/hooks/useCounter.tsx": {"path":"/Users/dieginin/Developer/curso_react/03-gifs-app/src/counter/hooks/useCounter.tsx","statementMap":{"0":{"start":{"line":4,"column":29},"end":{"line":4,"column":null}},"1":{"start":{"line":6,"column":26},"end":{"line":6,"column":null}},"2":{"start":{"line":6,"column":32},"end":{"line":6,"column":null}},"3":{"start":{"line":7,"column":22},"end":{"line":7,"column":null}},"4":{"start":{"line":7,"column":28},"end":{"line":7,"column":null}},"5":{"start":{"line":8,"column":26},"end":{"line":8,"column":null}},"6":{"start":{"line":8,"column":32},"end":{"line":8,"column":null}},"7":{"start":{"line":10,"column":2},"end":{"line":10,"column":null}}},"fnMap":{"0":{"name":"useCounter","decl":{"start":{"line":3,"column":16},"end":{"line":3,"column":27}},"loc":{"start":{"line":3,"column":43},"end":{"line":11,"column":null}},"line":3},"1":{"name":"(anonymous_1)","decl":{"start":{"line":6,"column":26},"end":{"line":6,"column":32}},"loc":{"start":{"line":6,"column":32},"end":{"line":6,"column":null}},"line":6},"2":{"name":"(anonymous_2)","decl":{"start":{"line":7,"column":22},"end":{"line":7,"column":28}},"loc":{"start":{"line":7,"column":28},"end":{"line":7,"column":null}},"line":7},"3":{"name":"(anonymous_3)","decl":{"start":{"line":8,"column":26},"end":{"line":8,"column":32}},"loc":{"start":{"line":8,"column":32},"end":{"line":8,"column":null}},"line":8}},"branchMap":{"0":{"loc":{"start":{"line":3,"column":27},"end":{"line":3,"column":43}},"type":"default-arg","locations":[{"start":{"line":3,"column":42},"end":{"line":3,"column":43}}],"line":3}},"s":{"0":15,"1":15,"2":4,"3":15,"4":1,"5":15,"6":3,"7":15},"f":{"0":15,"1":4,"2":1,"3":3},"b":{"0":[15]},"meta":{"lastBranch":1,"lastFunction":4,"lastStatement":8,"seen":{"f:3:16:3:27":0,"b:3:42:3:43":0,"s:4:29:4:Infinity":0,"s:6:26:6:Infinity":1,"f:6:26:6:32":1,"s:6:32:6:Infinity":2,"s:7:22:7:Infinity":3,"f:7:22:7:28":2,"s:7:28:7:Infinity":4,"s:8:26:8:Infinity":5,"f:8:26:8:32":3,"s:8:32:8:Infinity":6,"s:10:2:10:Infinity":7}}}
,"/Users/dieginin/Developer/curso_react/03-gifs-app/src/gifs/components/GifList.tsx": {"path":"/Users/dieginin/Developer/curso_react/03-gifs-app/src/gifs/components/GifList.tsx","statementMap":{},"fnMap":{"0":{"name":"GifList","decl":{"start":{"line":7,"column":16},"end":{"line":7,"column":24}},"loc":{"start":{"line":7,"column":39},"end":{"line":21,"column":null}},"line":7}},"branchMap":{},"s":{},"f":{"0":1},"b":{},"meta":{"lastBranch":0,"lastFunction":1,"lastStatement":0,"seen":{"f:7:16:7:24":0}}}
,"/Users/dieginin/Developer/curso_react/03-gifs-app/src/gifs/components/PreviousSearches.tsx": {"path":"/Users/dieginin/Developer/curso_react/03-gifs-app/src/gifs/components/PreviousSearches.tsx","statementMap":{"0":{"start":{"line":12,"column":42},"end":{"line":12,"column":null}}},"fnMap":{"0":{"name":"PreviousSearches","decl":{"start":{"line":6,"column":16},"end":{"line":6,"column":33}},"loc":{"start":{"line":6,"column":68},"end":{"line":19,"column":null}},"line":6},"1":{"name":"(anonymous_1)","decl":{"start":{"line":12,"column":36},"end":{"line":12,"column":42}},"loc":{"start":{"line":12,"column":42},"end":{"line":12,"column":null}},"line":12}},"branchMap":{},"s":{"0":0},"f":{"0":1,"1":0},"b":{},"meta":{"lastBranch":0,"lastFunction":2,"lastStatement":1,"seen":{"f:6:16:6:33":0,"f:12:36:12:42":1,"s:12:42:12:Infinity":0}}}
,"/Users/dieginin/Developer/curso_react/03-gifs-app/src/gifs/hooks/useGifs.tsx": {"path":"/Users/dieginin/Developer/curso_react/03-gifs-app/src/gifs/hooks/useGifs.tsx","statementMap":{"0":{"start":{"line":7,"column":23},"end":{"line":7,"column":null}},"1":{"start":{"line":8,"column":47},"end":{"line":8,"column":null}},"2":{"start":{"line":10,"column":8},"end":{"line":10,"column":null}},"3":{"start":{"line":12,"column":30},"end":{"line":18,"column":null}},"4":{"start":{"line":13,"column":4},"end":{"line":13,"column":null}},"5":{"start":{"line":13,"column":34},"end":{"line":13,"column":null}},"6":{"start":{"line":15,"column":17},"end":{"line":15,"column":null}},"7":{"start":{"line":16,"column":4},"end":{"line":16,"column":null}},"8":{"start":{"line":17,"column":4},"end":{"line":17,"column":null}},"9":{"start":{"line":20,"column":23},"end":{"line":32,"column":null}},"10":{"start":{"line":21,"column":27},"end":{"line":21,"column":null}},"11":{"start":{"line":23,"column":4},"end":{"line":23,"column":null}},"12":{"start":{"line":23,"column":37},"end":{"line":23,"column":null}},"13":{"start":{"line":25,"column":4},"end":{"line":25,"column":null}},"14":{"start":{"line":25,"column":51},"end":{"line":25,"column":null}},"15":{"start":{"line":27,"column":4},"end":{"line":27,"column":null}},"16":{"start":{"line":29,"column":17},"end":{"line":29,"column":null}},"17":{"start":{"line":30,"column":4},"end":{"line":30,"column":null}},"18":{"start":{"line":31,"column":4},"end":{"line":31,"column":null}},"19":{"start":{"line":34,"column":2},"end":{"line":34,"column":null}}},"fnMap":{"0":{"name":"useGifs","decl":{"start":{"line":6,"column":16},"end":{"line":6,"column":null}},"loc":{"start":{"line":6,"column":16},"end":{"line":35,"column":null}},"line":6},"1":{"name":"(anonymous_1)","decl":{"start":{"line":12,"column":30},"end":{"line":12,"column":37}},"loc":{"start":{"line":12,"column":37},"end":{"line":18,"column":null}},"line":12},"2":{"name":"(anonymous_2)","decl":{"start":{"line":20,"column":23},"end":{"line":20,"column":30}},"loc":{"start":{"line":20,"column":30},"end":{"line":32,"column":null}},"line":20}},"branchMap":{"0":{"loc":{"start":{"line":13,"column":4},"end":{"line":13,"column":null}},"type":"if","locations":[{"start":{"line":13,"column":4},"end":{"line":13,"column":null}},{"start":{},"end":{}}],"line":13},"1":{"loc":{"start":{"line":23,"column":4},"end":{"line":23,"column":null}},"type":"if","locations":[{"start":{"line":23,"column":4},"end":{"line":23,"column":null}},{"start":{},"end":{}}],"line":23},"2":{"loc":{"start":{"line":25,"column":4},"end":{"line":25,"column":null}},"type":"if","locations":[{"start":{"line":25,"column":4},"end":{"line":25,"column":null}},{"start":{},"end":{}}],"line":25}},"s":{"0":19,"1":19,"2":19,"3":19,"4":3,"5":1,"6":2,"7":2,"8":2,"9":19,"10":10,"11":10,"12":0,"13":10,"14":0,"15":10,"16":10,"17":10,"18":10,"19":19},"f":{"0":19,"1":3,"2":10},"b":{"0":[1,2],"1":[0,10],"2":[0,10]},"meta":{"lastBranch":3,"lastFunction":3,"lastStatement":20,"seen":{"f:6:16:6:Infinity":0,"s:7:23:7:Infinity":0,"s:8:47:8:Infinity":1,"s:10:8:10:Infinity":2,"s:12:30:18:Infinity":3,"f:12:30:12:37":1,"b:13:4:13:Infinity:undefined:undefined:undefined:undefined":0,"s:13:4:13:Infinity":4,"s:13:34:13:Infinity":5,"s:15:17:15:Infinity":6,"s:16:4:16:Infinity":7,"s:17:4:17:Infinity":8,"s:20:23:32:Infinity":9,"f:20:23:20:30":2,"s:21:27:21:Infinity":10,"b:23:4:23:Infinity:undefined:undefined:undefined:undefined":1,"s:23:4:23:Infinity":11,"s:23:37:23:Infinity":12,"b:25:4:25:Infinity:undefined:undefined:undefined:undefined":2,"s:25:4:25:Infinity":13,"s:25:51:25:Infinity":14,"s:27:4:27:Infinity":15,"s:29:17:29:Infinity":16,"s:30:4:30:Infinity":17,"s:31:4:31:Infinity":18,"s:34:2:34:Infinity":19}}}
,"/Users/dieginin/Developer/curso_react/03-gifs-app/src/gifs/services/get-gifs-by-query.action.ts": {"path":"/Users/dieginin/Developer/curso_react/03-gifs-app/src/gifs/services/get-gifs-by-query.action.ts","statementMap":{"0":{"start":{"line":6,"column":2},"end":{"line":6,"column":null}},"1":{"start":{"line":6,"column":33},"end":{"line":6,"column":null}},"2":{"start":{"line":8,"column":2},"end":{"line":23,"column":null}},"3":{"start":{"line":9,"column":21},"end":{"line":11,"column":null}},"4":{"start":{"line":13,"column":4},"end":{"line":19,"column":null}},"5":{"start":{"line":13,"column":44},"end":{"line":19,"column":null}},"6":{"start":{"line":21,"column":4},"end":{"line":21,"column":null}},"7":{"start":{"line":22,"column":4},"end":{"line":22,"column":null}}},"fnMap":{"0":{"name":"GetGifsByQuery","decl":{"start":{"line":5,"column":22},"end":{"line":5,"column":37}},"loc":{"start":{"line":5,"column":50},"end":{"line":24,"column":null}},"line":5},"1":{"name":"(anonymous_1)","decl":{"start":{"line":13,"column":34},"end":{"line":13,"column":35}},"loc":{"start":{"line":13,"column":44},"end":{"line":19,"column":null}},"line":13}},"branchMap":{"0":{"loc":{"start":{"line":6,"column":2},"end":{"line":6,"column":null}},"type":"if","locations":[{"start":{"line":6,"column":2},"end":{"line":6,"column":null}},{"start":{},"end":{}}],"line":6}},"s":{"0":6,"1":1,"2":5,"3":5,"4":4,"5":40,"6":1,"7":1},"f":{"0":6,"1":40},"b":{"0":[1,5]},"meta":{"lastBranch":1,"lastFunction":2,"lastStatement":8,"seen":{"f:5:22:5:37":0,"b:6:2:6:Infinity:undefined:undefined:undefined:undefined":0,"s:6:2:6:Infinity":0,"s:6:33:6:Infinity":1,"s:8:2:23:Infinity":2,"s:9:21:11:Infinity":3,"s:13:4:19:Infinity":4,"f:13:34:13:35":1,"s:13:44:19:Infinity":5,"s:21:4:21:Infinity":6,"s:22:4:22:Infinity":7}}}
,"/Users/dieginin/Developer/curso_react/03-gifs-app/src/gifs/services/api/giphy.api.ts": {"path":"/Users/dieginin/Developer/curso_react/03-gifs-app/src/gifs/services/api/giphy.api.ts","statementMap":{"0":{"start":{"line":3,"column":24},"end":{"line":9,"column":null}}},"fnMap":{},"branchMap":{},"s":{"0":4},"f":{},"b":{},"meta":{"lastBranch":0,"lastFunction":0,"lastStatement":1,"seen":{"s:3:24:9:Infinity":0}}}
,"/Users/dieginin/Developer/curso_react/03-gifs-app/src/shared/components/CustomHeader.tsx": {"path":"/Users/dieginin/Developer/curso_react/03-gifs-app/src/shared/components/CustomHeader.tsx","statementMap":{},"fnMap":{"0":{"name":"CustomHeader","decl":{"start":{"line":6,"column":16},"end":{"line":6,"column":29}},"loc":{"start":{"line":6,"column":58},"end":{"line":13,"column":null}},"line":6}},"branchMap":{},"s":{},"f":{"0":4},"b":{},"meta":{"lastBranch":0,"lastFunction":1,"lastStatement":0,"seen":{"f:6:16:6:29":0}}}
,"/Users/dieginin/Developer/curso_react/03-gifs-app/src/shared/components/SearchBar.tsx": {"path":"/Users/dieginin/Developer/curso_react/03-gifs-app/src/shared/components/SearchBar.tsx","statementMap":{"0":{"start":{"line":9,"column":25},"end":{"line":9,"column":null}},"1":{"start":{"line":11,"column":2},"end":{"line":15,"column":null}},"2":{"start":{"line":12,"column":22},"end":{"line":12,"column":null}},"3":{"start":{"line":12,"column":39},"end":{"line":12,"column":56}},"4":{"start":{"line":14,"column":4},"end":{"line":14,"column":null}},"5":{"start":{"line":14,"column":17},"end":{"line":14,"column":null}},"6":{"start":{"line":17,"column":23},"end":{"line":17,"column":null}},"7":{"start":{"line":17,"column":29},"end":{"line":17,"column":null}},"8":{"start":{"line":19,"column":24},"end":{"line":21,"column":null}},"9":{"start":{"line":20,"column":4},"end":{"line":20,"column":null}},"10":{"start":{"line":20,"column":25},"end":{"line":20,"column":null}},"11":{"start":{"line":29,"column":29},"end":{"line":29,"column":null}}},"fnMap":{"0":{"name":"SearchBar","decl":{"start":{"line":8,"column":16},"end":{"line":8,"column":26}},"loc":{"start":{"line":8,"column":69},"end":{"line":35,"column":null}},"line":8},"1":{"name":"(anonymous_1)","decl":{"start":{"line":11,"column":12},"end":{"line":11,"column":null}},"loc":{"start":{"line":11,"column":12},"end":{"line":15,"column":5}},"line":11},"2":{"name":"(anonymous_2)","decl":{"start":{"line":12,"column":33},"end":{"line":12,"column":39}},"loc":{"start":{"line":12,"column":39},"end":{"line":12,"column":56}},"line":12},"3":{"name":"(anonymous_3)","decl":{"start":{"line":14,"column":11},"end":{"line":14,"column":17}},"loc":{"start":{"line":14,"column":17},"end":{"line":14,"column":null}},"line":14},"4":{"name":"(anonymous_4)","decl":{"start":{"line":17,"column":23},"end":{"line":17,"column":29}},"loc":{"start":{"line":17,"column":29},"end":{"line":17,"column":null}},"line":17},"5":{"name":"(anonymous_5)","decl":{"start":{"line":19,"column":24},"end":{"line":19,"column":25}},"loc":{"start":{"line":19,"column":49},"end":{"line":21,"column":null}},"line":19},"6":{"name":"(anonymous_6)","decl":{"start":{"line":29,"column":18},"end":{"line":29,"column":19}},"loc":{"start":{"line":29,"column":29},"end":{"line":29,"column":null}},"line":29}},"branchMap":{"0":{"loc":{"start":{"line":8,"column":28},"end":{"line":8,"column":50}},"type":"default-arg","locations":[{"start":{"line":8,"column":42},"end":{"line":8,"column":50}}],"line":8},"1":{"loc":{"start":{"line":20,"column":4},"end":{"line":20,"column":null}},"type":"if","locations":[{"start":{"line":20,"column":4},"end":{"line":20,"column":null}},{"start":{},"end":{}}],"line":20}},"s":{"0":12,"1":12,"2":12,"3":2,"4":12,"5":12,"6":12,"7":1,"8":12,"9":0,"10":0,"11":6},"f":{"0":12,"1":12,"2":2,"3":12,"4":1,"5":0,"6":6},"b":{"0":[12],"1":[0,0]},"meta":{"lastBranch":2,"lastFunction":7,"lastStatement":12,"seen":{"f:8:16:8:26":0,"b:8:42:8:50":0,"s:9:25:9:Infinity":0,"s:11:2:15:Infinity":1,"f:11:12:11:Infinity":1,"s:12:22:12:Infinity":2,"f:12:33:12:39":2,"s:12:39:12:56":3,"s:14:4:14:Infinity":4,"f:14:11:14:17":3,"s:14:17:14:Infinity":5,"s:17:23:17:Infinity":6,"f:17:23:17:29":4,"s:17:29:17:Infinity":7,"s:19:24:21:Infinity":8,"f:19:24:19:25":5,"b:20:4:20:Infinity:undefined:undefined:undefined:undefined":1,"s:20:4:20:Infinity":9,"s:20:25:20:Infinity":10,"f:29:18:29:19":6,"s:29:29:29:Infinity":11}}}
,"/Users/dieginin/Developer/curso_react/03-gifs-app/tests/mocks/giphy.response.data.ts": {"path":"/Users/dieginin/Developer/curso_react/03-gifs-app/tests/mocks/giphy.response.data.ts","statementMap":{"0":{"start":{"line":1,"column":33},"end":{"line":2104,"column":null}}},"fnMap":{},"branchMap":{},"s":{"0":1},"f":{},"b":{},"meta":{"lastBranch":0,"lastFunction":0,"lastStatement":1,"seen":{"s:1:33:2104:Infinity":0}}}
}
