<?xml version="1.0" encoding="UTF-8"?>
<coverage generated="1762651666142" clover="3.2.0">
  <project timestamp="1762651666142" name="All files">
    <metrics statements="18" coveredstatements="18" conditionals="5" coveredconditionals="4" methods="9" coveredmethods="9" elements="32" coveredelements="31" complexity="0" loc="18" ncloc="18" packages="3" files="5" classes="5"/>
    <package name="src">
      <metrics statements="7" coveredstatements="7" conditionals="2" coveredconditionals="1" methods="2" coveredmethods="2"/>
      <file name="FirstStepsApp.tsx" path="/Users/dieginin/Developer/curso_react/02-first-steps/src/FirstStepsApp.tsx">
        <metrics statements="1" coveredstatements="1" conditionals="0" coveredconditionals="0" methods="1" coveredmethods="1"/>
        <line num="8" count="1" type="stmt"/>
      </file>
      <file name="MyAwesomeApp.tsx" path="/Users/dieginin/Developer/curso_react/02-first-steps/src/MyAwesomeApp.tsx">
        <metrics statements="6" coveredstatements="6" conditionals="2" coveredconditionals="1" methods="1" coveredmethods="1"/>
        <line num="3" count="1" type="stmt"/>
        <line num="4" count="1" type="stmt"/>
        <line num="6" count="1" type="stmt"/>
        <line num="8" count="1" type="stmt"/>
        <line num="10" count="1" type="stmt"/>
        <line num="15" count="1" type="stmt"/>
      </file>
    </package>
    <package name="src.helpers">
      <metrics statements="8" coveredstatements="8" conditionals="0" coveredconditionals="0" methods="4" coveredmethods="4"/>
      <file name="math.helper.ts" path="/Users/dieginin/Developer/curso_react/02-first-steps/src/helpers/math.helper.ts">
        <metrics statements="8" coveredstatements="8" conditionals="0" coveredconditionals="0" methods="4" coveredmethods="4"/>
        <line num="1" count="1" type="stmt"/>
        <line num="2" count="3" type="stmt"/>
        <line num="5" count="1" type="stmt"/>
        <line num="6" count="3" type="stmt"/>
        <line num="9" count="1" type="stmt"/>
        <line num="10" count="4" type="stmt"/>
        <line num="13" count="1" type="stmt"/>
        <line num="14" count="4" type="stmt"/>
      </file>
    </package>
    <package name="src.shopping-cart">
      <metrics statements="3" coveredstatements="3" conditionals="3" coveredconditionals="3" methods="3" coveredmethods="3"/>
      <file name="ItemCounter.css" path="/Users/dieginin/Developer/curso_react/02-first-steps/src/shopping-cart/ItemCounter.css">
        <metrics statements="0" coveredstatements="0" conditionals="0" coveredconditionals="0" methods="0" coveredmethods="0"/>
      </file>
      <file name="ItemCounter.tsx" path="/Users/dieginin/Developer/curso_react/02-first-steps/src/shopping-cart/ItemCounter.tsx">
        <metrics statements="3" coveredstatements="3" conditionals="3" coveredconditionals="3" methods="3" coveredmethods="3"/>
        <line num="11" count="9" type="stmt"/>
        <line num="13" count="9" type="stmt"/>
        <line num="14" count="9" type="stmt"/>
      </file>
    </package>
  </project>
</coverage>
